<?xml version="1.0" encoding="UTF-8" ?>
<testsuite failures="0" time="0.963" errors="0" skipped="0" tests="3" name="ua.pti.myatm.ATMTest">
  <properties>
[...]
</properties>
  <testcase time="0.006" classname="ua.pti.myatm.ATMTest" name="testGetMoneyInATM"/>
  <testcase time="0.779" classname="ua.pti.myatm.ATMTest" name="testValidateCardIfCardIsBlockedOrNotCorrectPIN"/>
  <testcase time="0.001" classname="ua.pti.myatm.ATMTest" name="testValidateCardIfCardIsNotBlockedAndPasswordCorrect"/>
</testsuite>